# JRE version: Java(TM) SE Runtime Environment (17.0.1+12) (build 17.0.1+12-LTS-39)
# Java VM: Java HotSpot(TM) 64-Bit Server VM (17.0.1+12-LTS-39, mixed mode, sharing, tiered, compressed oops, compressed class ptrs, g1 gc, windows-amd64)
GC Precious Log:
 CPUs: 8 total, 8 available
 Memory: 8024M
 Large Page Support: Disabled
 NUMA Support: Disabled
 Compressed Oops: Enabled (32-bit)
 Heap Region Size: 1M
 Heap Min Capacity: 8M
 Heap Initial Capacity: 126M
 Heap Max Capacity: 2008M
 Pre-touch: Disabled
 Parallel Workers: 8
 Concurrent Workers: 2
 Concurrent Refinement Workers: 8
 Periodic GC: Disabled
Heap:
 garbage-first heap   total 129024K, used 21567K [0x0000000082800000, 0x0000000100000000)
  region size 1024K, 5 young (5120K), 5 survivors (5120K)
 Metaspace       used 19534K, committed 19904K, reserved 1073152K
  class space    used 2178K, committed 2368K, reserved 1048576K
GC Heap History (17 events):
Event: 0.826 GC heap before
{Heap before GC invocations=0 (full 0):
 garbage-first heap   total 129024K, used 22528K [0x0000000082800000, 0x0000000100000000)
  region size 1024K, 23 young (23552K), 0 survivors (0K)
 Metaspace       used 4865K, committed 5056K, reserved 1056768K
  class space    used 576K, committed 640K, reserved 1048576K
}
Event: 0.832 GC heap after
{Heap after GC invocations=1 (full 0):
 garbage-first heap   total 129024K, used 3477K [0x0000000082800000, 0x0000000100000000)
  region size 1024K, 3 young (3072K), 3 survivors (3072K)
 Metaspace       used 4865K, committed 5056K, reserved 1056768K
  class space    used 576K, committed 640K, reserved 1048576K
}
Event: 1.511 GC heap before
{Heap before GC invocations=1 (full 0):
 garbage-first heap   total 129024K, used 35221K [0x0000000082800000, 0x0000000100000000)
  region size 1024K, 34 young (34816K), 3 survivors (3072K)
 Metaspace       used 10319K, committed 10496K, reserved 1064960K
  class space    used 1265K, committed 1344K, reserved 1048576K
}
Event: 1.518 GC heap after
{Heap after GC invocations=2 (full 0):
 garbage-first heap   total 129024K, used 5921K [0x0000000082800000, 0x0000000100000000)
  region size 1024K, 3 young (3072K), 3 survivors (3072K)
 Metaspace       used 10319K, committed 10496K, reserved 1064960K
  class space    used 1265K, committed 1344K, reserved 1048576K
}
Event: 2.669 GC heap before
{Heap before GC invocations=2 (full 0):
 garbage-first heap   total 129024K, used 79649K [0x0000000082800000, 0x0000000100000000)
  region size 1024K, 75 young (76800K), 3 survivors (3072K)
 Metaspace       used 12789K, committed 12928K, reserved 1064960K
  class space    used 1449K, committed 1536K, reserved 1048576K
}
Event: 2.681 GC heap after
{Heap after GC invocations=3 (full 0):
 garbage-first heap   total 129024K, used 13209K [0x0000000082800000, 0x0000000100000000)
  region size 1024K, 10 young (10240K), 10 survivors (10240K)
 Metaspace       used 12789K, committed 12928K, reserved 1064960K
  class space    used 1449K, committed 1536K, reserved 1048576K
}
Event: 3.862 GC heap before
{Heap before GC invocations=3 (full 0):
 garbage-first heap   total 129024K, used 109465K [0x0000000082800000, 0x0000000100000000)
  region size 1024K, 73 young (74752K), 10 survivors (10240K)
 Metaspace       used 15872K, committed 16128K, reserved 1064960K
  class space    used 1710K, committed 1856K, reserved 1048576K
}
Event: 3.873 GC heap after
{Heap after GC invocations=4 (full 0):
 garbage-first heap   total 129024K, used 17004K [0x0000000082800000, 0x0000000100000000)
  region size 1024K, 5 young (5120K), 5 survivors (5120K)
 Metaspace       used 15872K, committed 16128K, reserved 1064960K
  class space    used 1710K, committed 1856K, reserved 1048576K
}
Event: 4.752 GC heap before
{Heap before GC invocations=4 (full 0):
 garbage-first heap   total 129024K, used 109164K [0x0000000082800000, 0x0000000100000000)
  region size 1024K, 72 young (73728K), 5 survivors (5120K)
 Metaspace       used 18379K, committed 18752K, reserved 1073152K
  class space    used 2036K, committed 2240K, reserved 1048576K
}
Event: 4.758 GC heap after
{Heap after GC invocations=5 (full 0):
 garbage-first heap   total 129024K, used 21213K [0x0000000082800000, 0x0000000100000000)
  region size 1024K, 8 young (8192K), 8 survivors (8192K)
 Metaspace       used 18379K, committed 18752K, reserved 1073152K
  class space    used 2036K, committed 2240K, reserved 1048576K
}
Event: 4.773 GC heap before
{Heap before GC invocations=5 (full 0):
 garbage-first heap   total 129024K, used 88797K [0x0000000082800000, 0x0000000100000000)
  region size 1024K, 75 young (76800K), 8 survivors (8192K)
 Metaspace       used 18379K, committed 18752K, reserved 1073152K
  class space    used 2036K, committed 2240K, reserved 1048576K
}
Event: 4.778 GC heap after
{Heap after GC invocations=6 (full 0):
 garbage-first heap   total 129024K, used 21366K [0x0000000082800000, 0x0000000100000000)
  region size 1024K, 4 young (4096K), 4 survivors (4096K)
 Metaspace       used 18379K, committed 18752K, reserved 1073152K
  class space    used 2036K, committed 2240K, reserved 1048576K
}
Event: 4.989 GC heap before
{Heap before GC invocations=6 (full 0):
 garbage-first heap   total 129024K, used 93046K [0x0000000082800000, 0x0000000100000000)
  region size 1024K, 75 young (76800K), 4 survivors (4096K)
 Metaspace       used 19404K, committed 19712K, reserved 1073152K
  class space    used 2160K, committed 2304K, reserved 1048576K
}
Event: 4.992 GC heap after
{Heap after GC invocations=7 (full 0):
 garbage-first heap   total 129024K, used 20601K [0x0000000082800000, 0x0000000100000000)
  region size 1024K, 5 young (5120K), 5 survivors (5120K)
 Metaspace       used 19404K, committed 19712K, reserved 1073152K
  class space    used 2160K, committed 2304K, reserved 1048576K
}
Event: 5.004 GC heap before
{Heap before GC invocations=7 (full 0):
 garbage-first heap   total 129024K, used 91257K [0x0000000082800000, 0x0000000100000000)
  region size 1024K, 75 young (76800K), 5 survivors (5120K)
 Metaspace       used 19404K, committed 19712K, reserved 1073152K
  class space    used 2160K, committed 2304K, reserved 1048576K
}
Event: 5.006 GC heap after
{Heap after GC invocations=8 (full 0):
 garbage-first heap   total 129024K, used 20342K [0x0000000082800000, 0x0000000100000000)
  region size 1024K, 4 young (4096K), 4 survivors (4096K)
 Metaspace       used 19404K, committed 19712K, reserved 1073152K
  class space    used 2160K, committed 2304K, reserved 1048576K
}
Event: 5.332 GC heap before
{Heap before GC invocations=8 (full 0):
 garbage-first heap   total 129024K, used 93046K [0x0000000082800000, 0x0000000100000000)
  region size 1024K, 75 young (76800K), 4 survivors (4096K)
 Metaspace       used 19534K, committed 19904K, reserved 1073152K
  class space    used 2178K, committed 2368K, reserved 1048576K
}

